

Started GET "/" for 127.0.0.1 at 2015-08-02 18:59:55 -0700
  [1m[36mActiveRecord::SchemaMigration Load (0.2ms)[0m  [1mSELECT "schema_migrations".* FROM "schema_migrations"[0m
Processing by TweetsController#category as HTML
  [1m[35mTweetCategory Load (0.1ms)[0m  SELECT "tweet_categories".* FROM "tweet_categories"
  Rendered tweets/category.html.erb within layouts/application (8.9ms)
Completed 200 OK in 37ms (Views: 28.1ms | ActiveRecord: 0.3ms)


Started GET "/stylesheets/tweet.css" for 127.0.0.1 at 2015-08-02 18:59:55 -0700

ActionController::RoutingError (No route matches [GET] "/stylesheets/tweet.css"):
  actionpack (4.1.1) lib/action_dispatch/middleware/debug_exceptions.rb:21:in `call'
  actionpack (4.1.1) lib/action_dispatch/middleware/show_exceptions.rb:30:in `call'
  railties (4.1.1) lib/rails/rack/logger.rb:38:in `call_app'
  railties (4.1.1) lib/rails/rack/logger.rb:20:in `block in call'
  activesupport (4.1.1) lib/active_support/tagged_logging.rb:68:in `block in tagged'
  activesupport (4.1.1) lib/active_support/tagged_logging.rb:26:in `tagged'
  activesupport (4.1.1) lib/active_support/tagged_logging.rb:68:in `tagged'
  railties (4.1.1) lib/rails/rack/logger.rb:20:in `call'
  actionpack (4.1.1) lib/action_dispatch/middleware/request_id.rb:21:in `call'
  rack (1.5.2) lib/rack/methodoverride.rb:21:in `call'
  rack (1.5.2) lib/rack/runtime.rb:17:in `call'
  activesupport (4.1.1) lib/active_support/cache/strategy/local_cache_middleware.rb:26:in `call'
  rack (1.5.2) lib/rack/lock.rb:17:in `call'
  actionpack (4.1.1) lib/action_dispatch/middleware/static.rb:64:in `call'
  rack (1.5.2) lib/rack/sendfile.rb:112:in `call'
  railties (4.1.1) lib/rails/engine.rb:514:in `call'
  railties (4.1.1) lib/rails/application.rb:144:in `call'
  rack (1.5.2) lib/rack/lock.rb:17:in `call'
  rack (1.5.2) lib/rack/content_length.rb:14:in `call'
  rack (1.5.2) lib/rack/handler/webrick.rb:60:in `service'
  /Users/VeNuS/.rvm/rubies/ruby-2.2.1/lib/ruby/2.2.0/webrick/httpserver.rb:138:in `service'
  /Users/VeNuS/.rvm/rubies/ruby-2.2.1/lib/ruby/2.2.0/webrick/httpserver.rb:94:in `run'
  /Users/VeNuS/.rvm/rubies/ruby-2.2.1/lib/ruby/2.2.0/webrick/server.rb:294:in `block in start_thread'


  Rendered /Users/VeNuS/.rvm/gems/ruby-2.2.1/gems/actionpack-4.1.1/lib/action_dispatch/middleware/templates/rescues/_trace.html.erb (0.9ms)
  Rendered /Users/VeNuS/.rvm/gems/ruby-2.2.1/gems/actionpack-4.1.1/lib/action_dispatch/middleware/templates/routes/_route.html.erb (1.9ms)
  Rendered /Users/VeNuS/.rvm/gems/ruby-2.2.1/gems/actionpack-4.1.1/lib/action_dispatch/middleware/templates/routes/_table.html.erb (5.9ms)
  Rendered /Users/VeNuS/.rvm/gems/ruby-2.2.1/gems/actionpack-4.1.1/lib/action_dispatch/middleware/templates/rescues/routing_error.html.erb within rescues/layout (56.1ms)


Started GET "/javascripts/tweet.js" for 127.0.0.1 at 2015-08-02 18:59:55 -0700

ActionController::RoutingError (No route matches [GET] "/javascripts/tweet.js"):
  actionpack (4.1.1) lib/action_dispatch/middleware/debug_exceptions.rb:21:in `call'
  actionpack (4.1.1) lib/action_dispatch/middleware/show_exceptions.rb:30:in `call'
  railties (4.1.1) lib/rails/rack/logger.rb:38:in `call_app'
  railties (4.1.1) lib/rails/rack/logger.rb:20:in `block in call'
  activesupport (4.1.1) lib/active_support/tagged_logging.rb:68:in `block in tagged'
  activesupport (4.1.1) lib/active_support/tagged_logging.rb:26:in `tagged'
  activesupport (4.1.1) lib/active_support/tagged_logging.rb:68:in `tagged'
  railties (4.1.1) lib/rails/rack/logger.rb:20:in `call'
  actionpack (4.1.1) lib/action_dispatch/middleware/request_id.rb:21:in `call'
  rack (1.5.2) lib/rack/methodoverride.rb:21:in `call'
  rack (1.5.2) lib/rack/runtime.rb:17:in `call'
  activesupport (4.1.1) lib/active_support/cache/strategy/local_cache_middleware.rb:26:in `call'
  rack (1.5.2) lib/rack/lock.rb:17:in `call'
  actionpack (4.1.1) lib/action_dispatch/middleware/static.rb:64:in `call'
  rack (1.5.2) lib/rack/sendfile.rb:112:in `call'
  railties (4.1.1) lib/rails/engine.rb:514:in `call'
  railties (4.1.1) lib/rails/application.rb:144:in `call'
  rack (1.5.2) lib/rack/lock.rb:17:in `call'
  rack (1.5.2) lib/rack/content_length.rb:14:in `call'
  rack (1.5.2) lib/rack/handler/webrick.rb:60:in `service'
  /Users/VeNuS/.rvm/rubies/ruby-2.2.1/lib/ruby/2.2.0/webrick/httpserver.rb:138:in `service'
  /Users/VeNuS/.rvm/rubies/ruby-2.2.1/lib/ruby/2.2.0/webrick/httpserver.rb:94:in `run'
  /Users/VeNuS/.rvm/rubies/ruby-2.2.1/lib/ruby/2.2.0/webrick/server.rb:294:in `block in start_thread'


  Rendered /Users/VeNuS/.rvm/gems/ruby-2.2.1/gems/actionpack-4.1.1/lib/action_dispatch/middleware/templates/rescues/_trace.html.erb (0.7ms)
  Rendered /Users/VeNuS/.rvm/gems/ruby-2.2.1/gems/actionpack-4.1.1/lib/action_dispatch/middleware/templates/routes/_route.html.erb (1.9ms)
  Rendered /Users/VeNuS/.rvm/gems/ruby-2.2.1/gems/actionpack-4.1.1/lib/action_dispatch/middleware/templates/routes/_table.html.erb (0.7ms)
  Rendered /Users/VeNuS/.rvm/gems/ruby-2.2.1/gems/actionpack-4.1.1/lib/action_dispatch/middleware/templates/rescues/routing_error.html.erb within rescues/layout (41.7ms)


Started GET "/assets/help.jpg" for 127.0.0.1 at 2015-08-02 18:59:55 -0700


Started GET "/assets/Login.jpg" for 127.0.0.1 at 2015-08-02 18:59:55 -0700


Started GET "/apple-touch-icon-precomposed.png" for 127.0.0.1 at 2015-08-02 18:59:56 -0700

ActionController::RoutingError (No route matches [GET] "/apple-touch-icon-precomposed.png"):
  actionpack (4.1.1) lib/action_dispatch/middleware/debug_exceptions.rb:21:in `call'
  actionpack (4.1.1) lib/action_dispatch/middleware/show_exceptions.rb:30:in `call'
  railties (4.1.1) lib/rails/rack/logger.rb:38:in `call_app'
  railties (4.1.1) lib/rails/rack/logger.rb:20:in `block in call'
  activesupport (4.1.1) lib/active_support/tagged_logging.rb:68:in `block in tagged'
  activesupport (4.1.1) lib/active_support/tagged_logging.rb:26:in `tagged'
  activesupport (4.1.1) lib/active_support/tagged_logging.rb:68:in `tagged'
  railties (4.1.1) lib/rails/rack/logger.rb:20:in `call'
  actionpack (4.1.1) lib/action_dispatch/middleware/request_id.rb:21:in `call'
  rack (1.5.2) lib/rack/methodoverride.rb:21:in `call'
  rack (1.5.2) lib/rack/runtime.rb:17:in `call'
  activesupport (4.1.1) lib/active_support/cache/strategy/local_cache_middleware.rb:26:in `call'
  rack (1.5.2) lib/rack/lock.rb:17:in `call'
  actionpack (4.1.1) lib/action_dispatch/middleware/static.rb:64:in `call'
  rack (1.5.2) lib/rack/sendfile.rb:112:in `call'
  railties (4.1.1) lib/rails/engine.rb:514:in `call'
  railties (4.1.1) lib/rails/application.rb:144:in `call'
  rack (1.5.2) lib/rack/lock.rb:17:in `call'
  rack (1.5.2) lib/rack/content_length.rb:14:in `call'
  rack (1.5.2) lib/rack/handler/webrick.rb:60:in `service'
  /Users/VeNuS/.rvm/rubies/ruby-2.2.1/lib/ruby/2.2.0/webrick/httpserver.rb:138:in `service'
  /Users/VeNuS/.rvm/rubies/ruby-2.2.1/lib/ruby/2.2.0/webrick/httpserver.rb:94:in `run'
  /Users/VeNuS/.rvm/rubies/ruby-2.2.1/lib/ruby/2.2.0/webrick/server.rb:294:in `block in start_thread'


  Rendered /Users/VeNuS/.rvm/gems/ruby-2.2.1/gems/actionpack-4.1.1/lib/action_dispatch/middleware/templates/rescues/_trace.html.erb (0.7ms)
  Rendered /Users/VeNuS/.rvm/gems/ruby-2.2.1/gems/actionpack-4.1.1/lib/action_dispatch/middleware/templates/routes/_route.html.erb (1.9ms)
  Rendered /Users/VeNuS/.rvm/gems/ruby-2.2.1/gems/actionpack-4.1.1/lib/action_dispatch/middleware/templates/routes/_table.html.erb (0.7ms)
  Rendered /Users/VeNuS/.rvm/gems/ruby-2.2.1/gems/actionpack-4.1.1/lib/action_dispatch/middleware/templates/rescues/routing_error.html.erb within rescues/layout (41.1ms)


Started GET "/apple-touch-icon.png" for 127.0.0.1 at 2015-08-02 18:59:56 -0700

ActionController::RoutingError (No route matches [GET] "/apple-touch-icon.png"):
  actionpack (4.1.1) lib/action_dispatch/middleware/debug_exceptions.rb:21:in `call'
  actionpack (4.1.1) lib/action_dispatch/middleware/show_exceptions.rb:30:in `call'
  railties (4.1.1) lib/rails/rack/logger.rb:38:in `call_app'
  railties (4.1.1) lib/rails/rack/logger.rb:20:in `block in call'
  activesupport (4.1.1) lib/active_support/tagged_logging.rb:68:in `block in tagged'
  activesupport (4.1.1) lib/active_support/tagged_logging.rb:26:in `tagged'
  activesupport (4.1.1) lib/active_support/tagged_logging.rb:68:in `tagged'
  railties (4.1.1) lib/rails/rack/logger.rb:20:in `call'
  actionpack (4.1.1) lib/action_dispatch/middleware/request_id.rb:21:in `call'
  rack (1.5.2) lib/rack/methodoverride.rb:21:in `call'
  rack (1.5.2) lib/rack/runtime.rb:17:in `call'
  activesupport (4.1.1) lib/active_support/cache/strategy/local_cache_middleware.rb:26:in `call'
  rack (1.5.2) lib/rack/lock.rb:17:in `call'
  actionpack (4.1.1) lib/action_dispatch/middleware/static.rb:64:in `call'
  rack (1.5.2) lib/rack/sendfile.rb:112:in `call'
  railties (4.1.1) lib/rails/engine.rb:514:in `call'
  railties (4.1.1) lib/rails/application.rb:144:in `call'
  rack (1.5.2) lib/rack/lock.rb:17:in `call'
  rack (1.5.2) lib/rack/content_length.rb:14:in `call'
  rack (1.5.2) lib/rack/handler/webrick.rb:60:in `service'
  /Users/VeNuS/.rvm/rubies/ruby-2.2.1/lib/ruby/2.2.0/webrick/httpserver.rb:138:in `service'
  /Users/VeNuS/.rvm/rubies/ruby-2.2.1/lib/ruby/2.2.0/webrick/httpserver.rb:94:in `run'
  /Users/VeNuS/.rvm/rubies/ruby-2.2.1/lib/ruby/2.2.0/webrick/server.rb:294:in `block in start_thread'


  Rendered /Users/VeNuS/.rvm/gems/ruby-2.2.1/gems/actionpack-4.1.1/lib/action_dispatch/middleware/templates/rescues/_trace.html.erb (0.8ms)
  Rendered /Users/VeNuS/.rvm/gems/ruby-2.2.1/gems/actionpack-4.1.1/lib/action_dispatch/middleware/templates/routes/_route.html.erb (2.0ms)
  Rendered /Users/VeNuS/.rvm/gems/ruby-2.2.1/gems/actionpack-4.1.1/lib/action_dispatch/middleware/templates/routes/_table.html.erb (0.7ms)
  Rendered /Users/VeNuS/.rvm/gems/ruby-2.2.1/gems/actionpack-4.1.1/lib/action_dispatch/middleware/templates/rescues/routing_error.html.erb within rescues/layout (40.9ms)


Started POST "/tweets/setglobal" for 127.0.0.1 at 2015-08-02 19:00:00 -0700
Processing by TweetsController#setglobal as HTML
  Parameters: {"utf8"=>"✓", "authenticity_token"=>"2BqFvALAq3H4XGx4kewNn6nOCQbUkX1lUluG+JiXX/Y=", "edit"=>{"15"=>"View Data"}}
Redirected to http://localhost:3000/tweets
Completed 302 Found in 1ms (ActiveRecord: 0.0ms)


Started GET "/tweets" for 127.0.0.1 at 2015-08-02 19:00:00 -0700
Processing by TweetsController#index as HTML
  Rendered tweets/index.html.erb within layouts/application (65.7ms)
Completed 200 OK in 94ms (Views: 81.8ms | ActiveRecord: 0.0ms)


Started GET "/stylesheets/tweet.css" for 127.0.0.1 at 2015-08-02 19:00:00 -0700

ActionController::RoutingError (No route matches [GET] "/stylesheets/tweet.css"):
  actionpack (4.1.1) lib/action_dispatch/middleware/debug_exceptions.rb:21:in `call'
  actionpack (4.1.1) lib/action_dispatch/middleware/show_exceptions.rb:30:in `call'
  railties (4.1.1) lib/rails/rack/logger.rb:38:in `call_app'
  railties (4.1.1) lib/rails/rack/logger.rb:20:in `block in call'
  activesupport (4.1.1) lib/active_support/tagged_logging.rb:68:in `block in tagged'
  activesupport (4.1.1) lib/active_support/tagged_logging.rb:26:in `tagged'
  activesupport (4.1.1) lib/active_support/tagged_logging.rb:68:in `tagged'
  railties (4.1.1) lib/rails/rack/logger.rb:20:in `call'
  actionpack (4.1.1) lib/action_dispatch/middleware/request_id.rb:21:in `call'
  rack (1.5.2) lib/rack/methodoverride.rb:21:in `call'
  rack (1.5.2) lib/rack/runtime.rb:17:in `call'
  activesupport (4.1.1) lib/active_support/cache/strategy/local_cache_middleware.rb:26:in `call'
  rack (1.5.2) lib/rack/lock.rb:17:in `call'
  actionpack (4.1.1) lib/action_dispatch/middleware/static.rb:64:in `call'
  rack (1.5.2) lib/rack/sendfile.rb:112:in `call'
  railties (4.1.1) lib/rails/engine.rb:514:in `call'
  railties (4.1.1) lib/rails/application.rb:144:in `call'
  rack (1.5.2) lib/rack/lock.rb:17:in `call'
  rack (1.5.2) lib/rack/content_length.rb:14:in `call'
  rack (1.5.2) lib/rack/handler/webrick.rb:60:in `service'
  /Users/VeNuS/.rvm/rubies/ruby-2.2.1/lib/ruby/2.2.0/webrick/httpserver.rb:138:in `service'
  /Users/VeNuS/.rvm/rubies/ruby-2.2.1/lib/ruby/2.2.0/webrick/httpserver.rb:94:in `run'
  /Users/VeNuS/.rvm/rubies/ruby-2.2.1/lib/ruby/2.2.0/webrick/server.rb:294:in `block in start_thread'


  Rendered /Users/VeNuS/.rvm/gems/ruby-2.2.1/gems/actionpack-4.1.1/lib/action_dispatch/middleware/templates/rescues/_trace.html.erb (0.8ms)
  Rendered /Users/VeNuS/.rvm/gems/ruby-2.2.1/gems/actionpack-4.1.1/lib/action_dispatch/middleware/templates/routes/_route.html.erb (2.1ms)
  Rendered /Users/VeNuS/.rvm/gems/ruby-2.2.1/gems/actionpack-4.1.1/lib/action_dispatch/middleware/templates/routes/_table.html.erb (0.8ms)
  Rendered /Users/VeNuS/.rvm/gems/ruby-2.2.1/gems/actionpack-4.1.1/lib/action_dispatch/middleware/templates/rescues/routing_error.html.erb within rescues/layout (47.7ms)


Started GET "/javascripts/tweet.js" for 127.0.0.1 at 2015-08-02 19:00:00 -0700

ActionController::RoutingError (No route matches [GET] "/javascripts/tweet.js"):
  actionpack (4.1.1) lib/action_dispatch/middleware/debug_exceptions.rb:21:in `call'
  actionpack (4.1.1) lib/action_dispatch/middleware/show_exceptions.rb:30:in `call'
  railties (4.1.1) lib/rails/rack/logger.rb:38:in `call_app'
  railties (4.1.1) lib/rails/rack/logger.rb:20:in `block in call'
  activesupport (4.1.1) lib/active_support/tagged_logging.rb:68:in `block in tagged'
  activesupport (4.1.1) lib/active_support/tagged_logging.rb:26:in `tagged'
  activesupport (4.1.1) lib/active_support/tagged_logging.rb:68:in `tagged'
  railties (4.1.1) lib/rails/rack/logger.rb:20:in `call'
  actionpack (4.1.1) lib/action_dispatch/middleware/request_id.rb:21:in `call'
  rack (1.5.2) lib/rack/methodoverride.rb:21:in `call'
  rack (1.5.2) lib/rack/runtime.rb:17:in `call'
  activesupport (4.1.1) lib/active_support/cache/strategy/local_cache_middleware.rb:26:in `call'
  rack (1.5.2) lib/rack/lock.rb:17:in `call'
  actionpack (4.1.1) lib/action_dispatch/middleware/static.rb:64:in `call'
  rack (1.5.2) lib/rack/sendfile.rb:112:in `call'
  railties (4.1.1) lib/rails/engine.rb:514:in `call'
  railties (4.1.1) lib/rails/application.rb:144:in `call'
  rack (1.5.2) lib/rack/lock.rb:17:in `call'
  rack (1.5.2) lib/rack/content_length.rb:14:in `call'
  rack (1.5.2) lib/rack/handler/webrick.rb:60:in `service'
  /Users/VeNuS/.rvm/rubies/ruby-2.2.1/lib/ruby/2.2.0/webrick/httpserver.rb:138:in `service'
  /Users/VeNuS/.rvm/rubies/ruby-2.2.1/lib/ruby/2.2.0/webrick/httpserver.rb:94:in `run'
  /Users/VeNuS/.rvm/rubies/ruby-2.2.1/lib/ruby/2.2.0/webrick/server.rb:294:in `block in start_thread'


  Rendered /Users/VeNuS/.rvm/gems/ruby-2.2.1/gems/actionpack-4.1.1/lib/action_dispatch/middleware/templates/rescues/_trace.html.erb (0.8ms)
  Rendered /Users/VeNuS/.rvm/gems/ruby-2.2.1/gems/actionpack-4.1.1/lib/action_dispatch/middleware/templates/routes/_route.html.erb (2.3ms)
  Rendered /Users/VeNuS/.rvm/gems/ruby-2.2.1/gems/actionpack-4.1.1/lib/action_dispatch/middleware/templates/routes/_table.html.erb (0.7ms)
  Rendered /Users/VeNuS/.rvm/gems/ruby-2.2.1/gems/actionpack-4.1.1/lib/action_dispatch/middleware/templates/rescues/routing_error.html.erb within rescues/layout (42.3ms)


Started GET "/assets/sessions.css?body=1" for 127.0.0.1 at 2015-08-02 19:00:00 -0700


Started GET "/assets/tweets.css?body=1" for 127.0.0.1 at 2015-08-02 19:00:00 -0700


Started GET "/assets/welcome.css?body=1" for 127.0.0.1 at 2015-08-02 19:00:00 -0700


Started GET "/assets/users.css?body=1" for 127.0.0.1 at 2015-08-02 19:00:00 -0700


Started GET "/assets/application.css?body=1" for 127.0.0.1 at 2015-08-02 19:00:00 -0700


Started GET "/assets/jquery.js?body=1" for 127.0.0.1 at 2015-08-02 19:00:00 -0700


Started GET "/assets/jquery_ujs.js?body=1" for 127.0.0.1 at 2015-08-02 19:00:00 -0700


Started GET "/assets/turbolinks.js?body=1" for 127.0.0.1 at 2015-08-02 19:00:00 -0700


Started GET "/assets/sessions.js?body=1" for 127.0.0.1 at 2015-08-02 19:00:00 -0700


Started GET "/assets/tweets.js?body=1" for 127.0.0.1 at 2015-08-02 19:00:00 -0700


Started GET "/assets/users.js?body=1" for 127.0.0.1 at 2015-08-02 19:00:00 -0700


Started GET "/assets/welcome.js?body=1" for 127.0.0.1 at 2015-08-02 19:00:00 -0700


Started GET "/assets/application.js?body=1" for 127.0.0.1 at 2015-08-02 19:00:00 -0700


Started GET "/assets/11.png" for 127.0.0.1 at 2015-08-02 19:00:00 -0700


Started GET "/assets/restart.jpg" for 127.0.0.1 at 2015-08-02 19:00:00 -0700


Started GET "/tweets/set_a" for 127.0.0.1 at 2015-08-02 19:00:04 -0700
Processing by TweetsController#set_a as JSON
  [1m[36mTweet Load (0.1ms)[0m  [1mSELECT  "tweets".* FROM "tweets"  WHERE "tweets"."tweet_category_id" IN (15)  ORDER BY "tweets"."id" DESC LIMIT 1[0m
  [1m[35mTweet Load (0.2ms)[0m  SELECT "tweets".* FROM "tweets"  WHERE "tweets"."tweet_category_id" IN (15)
Completed 200 OK in 12ms (Views: 4.0ms | ActiveRecord: 0.6ms)


Started GET "/tweets/set_a" for 127.0.0.1 at 2015-08-02 19:00:08 -0700
Processing by TweetsController#set_a as JSON
  [1m[36mTweet Load (0.2ms)[0m  [1mSELECT  "tweets".* FROM "tweets"  WHERE "tweets"."tweet_category_id" IN (15)  ORDER BY "tweets"."id" DESC LIMIT 1[0m
  [1m[35mTweet Load (0.1ms)[0m  SELECT "tweets".* FROM "tweets"  WHERE "tweets"."tweet_category_id" IN (15)
Completed 200 OK in 2ms (Views: 0.3ms | ActiveRecord: 0.3ms)


Started GET "/sessions/new" for 127.0.0.1 at 2015-08-02 19:00:10 -0700
Processing by SessionsController#new as HTML
  Rendered sessions/new.html.erb within layouts/application (5.6ms)
Completed 200 OK in 31ms (Views: 30.5ms | ActiveRecord: 0.0ms)


Started GET "/assets/back.jpg" for 127.0.0.1 at 2015-08-02 19:00:10 -0700


Started GET "/assets/signup1.jpg" for 127.0.0.1 at 2015-08-02 19:00:10 -0700


Started GET "/tweets/set_a" for 127.0.0.1 at 2015-08-02 19:00:12 -0700
Processing by TweetsController#set_a as JSON
  [1m[36mTweet Load (0.2ms)[0m  [1mSELECT  "tweets".* FROM "tweets"  WHERE "tweets"."tweet_category_id" IN (15)  ORDER BY "tweets"."id" DESC LIMIT 1[0m
  [1m[35mTweet Load (0.1ms)[0m  SELECT "tweets".* FROM "tweets"  WHERE "tweets"."tweet_category_id" IN (15)
Completed 200 OK in 2ms (Views: 0.4ms | ActiveRecord: 0.3ms)


Started GET "/tweets/set_a" for 127.0.0.1 at 2015-08-02 19:00:16 -0700
Processing by TweetsController#set_a as JSON
  [1m[36mTweet Load (0.1ms)[0m  [1mSELECT  "tweets".* FROM "tweets"  WHERE "tweets"."tweet_category_id" IN (15)  ORDER BY "tweets"."id" DESC LIMIT 1[0m
  [1m[35mTweet Load (0.2ms)[0m  SELECT "tweets".* FROM "tweets"  WHERE "tweets"."tweet_category_id" IN (15)
Completed 200 OK in 2ms (Views: 0.3ms | ActiveRecord: 0.3ms)


Started POST "/sessions" for 127.0.0.1 at 2015-08-02 19:00:19 -0700
Processing by SessionsController#create as HTML
  Parameters: {"utf8"=>"✓", "authenticity_token"=>"2BqFvALAq3H4XGx4kewNn6nOCQbUkX1lUluG+JiXX/Y=", "email"=>"venu@gmail.com", "password"=>"[FILTERED]", "commit"=>"Log in"}
  [1m[36mUser Load (0.3ms)[0m  [1mSELECT  "users".* FROM "users"  WHERE "users"."email" = 'venu@gmail.com' LIMIT 1[0m
Redirected to http://localhost:3000/
Completed 302 Found in 85ms (ActiveRecord: 0.7ms)


Started GET "/" for 127.0.0.1 at 2015-08-02 19:00:19 -0700
Processing by TweetsController#category as HTML
  [1m[35mUser Load (0.2ms)[0m  SELECT  "users".* FROM "users"  WHERE "users"."id" = ? LIMIT 1  [["id", 22]]
  [1m[36mTweetCategory Load (0.1ms)[0m  [1mSELECT "tweet_categories".* FROM "tweet_categories"[0m
  Rendered tweets/category.html.erb within layouts/application (9.1ms)
Completed 200 OK in 29ms (Views: 28.6ms | ActiveRecord: 0.2ms)


Started GET "/stylesheets/tweet.css" for 127.0.0.1 at 2015-08-02 19:00:19 -0700

ActionController::RoutingError (No route matches [GET] "/stylesheets/tweet.css"):
  actionpack (4.1.1) lib/action_dispatch/middleware/debug_exceptions.rb:21:in `call'
  actionpack (4.1.1) lib/action_dispatch/middleware/show_exceptions.rb:30:in `call'
  railties (4.1.1) lib/rails/rack/logger.rb:38:in `call_app'
  railties (4.1.1) lib/rails/rack/logger.rb:20:in `block in call'
  activesupport (4.1.1) lib/active_support/tagged_logging.rb:68:in `block in tagged'
  activesupport (4.1.1) lib/active_support/tagged_logging.rb:26:in `tagged'
  activesupport (4.1.1) lib/active_support/tagged_logging.rb:68:in `tagged'
  railties (4.1.1) lib/rails/rack/logger.rb:20:in `call'
  actionpack (4.1.1) lib/action_dispatch/middleware/request_id.rb:21:in `call'
  rack (1.5.2) lib/rack/methodoverride.rb:21:in `call'
  rack (1.5.2) lib/rack/runtime.rb:17:in `call'
  activesupport (4.1.1) lib/active_support/cache/strategy/local_cache_middleware.rb:26:in `call'
  rack (1.5.2) lib/rack/lock.rb:17:in `call'
  actionpack (4.1.1) lib/action_dispatch/middleware/static.rb:64:in `call'
  rack (1.5.2) lib/rack/sendfile.rb:112:in `call'
  railties (4.1.1) lib/rails/engine.rb:514:in `call'
  railties (4.1.1) lib/rails/application.rb:144:in `call'
  rack (1.5.2) lib/rack/lock.rb:17:in `call'
  rack (1.5.2) lib/rack/content_length.rb:14:in `call'
  rack (1.5.2) lib/rack/handler/webrick.rb:60:in `service'
  /Users/VeNuS/.rvm/rubies/ruby-2.2.1/lib/ruby/2.2.0/webrick/httpserver.rb:138:in `service'
  /Users/VeNuS/.rvm/rubies/ruby-2.2.1/lib/ruby/2.2.0/webrick/httpserver.rb:94:in `run'
  /Users/VeNuS/.rvm/rubies/ruby-2.2.1/lib/ruby/2.2.0/webrick/server.rb:294:in `block in start_thread'


  Rendered /Users/VeNuS/.rvm/gems/ruby-2.2.1/gems/actionpack-4.1.1/lib/action_dispatch/middleware/templates/rescues/_trace.html.erb (1.6ms)
  Rendered /Users/VeNuS/.rvm/gems/ruby-2.2.1/gems/actionpack-4.1.1/lib/action_dispatch/middleware/templates/routes/_route.html.erb (3.2ms)
  Rendered /Users/VeNuS/.rvm/gems/ruby-2.2.1/gems/actionpack-4.1.1/lib/action_dispatch/middleware/templates/routes/_table.html.erb (2.7ms)
  Rendered /Users/VeNuS/.rvm/gems/ruby-2.2.1/gems/actionpack-4.1.1/lib/action_dispatch/middleware/templates/rescues/routing_error.html.erb within rescues/layout (53.3ms)


Started GET "/javascripts/tweet.js" for 127.0.0.1 at 2015-08-02 19:00:20 -0700

ActionController::RoutingError (No route matches [GET] "/javascripts/tweet.js"):
  actionpack (4.1.1) lib/action_dispatch/middleware/debug_exceptions.rb:21:in `call'
  actionpack (4.1.1) lib/action_dispatch/middleware/show_exceptions.rb:30:in `call'
  railties (4.1.1) lib/rails/rack/logger.rb:38:in `call_app'
  railties (4.1.1) lib/rails/rack/logger.rb:20:in `block in call'
  activesupport (4.1.1) lib/active_support/tagged_logging.rb:68:in `block in tagged'
  activesupport (4.1.1) lib/active_support/tagged_logging.rb:26:in `tagged'
  activesupport (4.1.1) lib/active_support/tagged_logging.rb:68:in `tagged'
  railties (4.1.1) lib/rails/rack/logger.rb:20:in `call'
  actionpack (4.1.1) lib/action_dispatch/middleware/request_id.rb:21:in `call'
  rack (1.5.2) lib/rack/methodoverride.rb:21:in `call'
  rack (1.5.2) lib/rack/runtime.rb:17:in `call'
  activesupport (4.1.1) lib/active_support/cache/strategy/local_cache_middleware.rb:26:in `call'
  rack (1.5.2) lib/rack/lock.rb:17:in `call'
  actionpack (4.1.1) lib/action_dispatch/middleware/static.rb:64:in `call'
  rack (1.5.2) lib/rack/sendfile.rb:112:in `call'
  railties (4.1.1) lib/rails/engine.rb:514:in `call'
  railties (4.1.1) lib/rails/application.rb:144:in `call'
  rack (1.5.2) lib/rack/lock.rb:17:in `call'
  rack (1.5.2) lib/rack/content_length.rb:14:in `call'
  rack (1.5.2) lib/rack/handler/webrick.rb:60:in `service'
  /Users/VeNuS/.rvm/rubies/ruby-2.2.1/lib/ruby/2.2.0/webrick/httpserver.rb:138:in `service'
  /Users/VeNuS/.rvm/rubies/ruby-2.2.1/lib/ruby/2.2.0/webrick/httpserver.rb:94:in `run'
  /Users/VeNuS/.rvm/rubies/ruby-2.2.1/lib/ruby/2.2.0/webrick/server.rb:294:in `block in start_thread'


  Rendered /Users/VeNuS/.rvm/gems/ruby-2.2.1/gems/actionpack-4.1.1/lib/action_dispatch/middleware/templates/rescues/_trace.html.erb (1.4ms)
  Rendered /Users/VeNuS/.rvm/gems/ruby-2.2.1/gems/actionpack-4.1.1/lib/action_dispatch/middleware/templates/routes/_route.html.erb (3.0ms)
  Rendered /Users/VeNuS/.rvm/gems/ruby-2.2.1/gems/actionpack-4.1.1/lib/action_dispatch/middleware/templates/routes/_table.html.erb (1.1ms)
  Rendered /Users/VeNuS/.rvm/gems/ruby-2.2.1/gems/actionpack-4.1.1/lib/action_dispatch/middleware/templates/rescues/routing_error.html.erb within rescues/layout (47.8ms)


Started GET "/assets/upload.png" for 127.0.0.1 at 2015-08-02 19:00:20 -0700


Started GET "/assets/logout.jpg" for 127.0.0.1 at 2015-08-02 19:00:20 -0700


Started POST "/tweets/setglobal" for 127.0.0.1 at 2015-08-02 19:00:28 -0700
Processing by TweetsController#setglobal as HTML
  Parameters: {"utf8"=>"✓", "authenticity_token"=>"2BqFvALAq3H4XGx4kewNn6nOCQbUkX1lUluG+JiXX/Y=", "edit"=>{"15"=>"View Data"}}
Redirected to http://localhost:3000/tweets
Completed 302 Found in 1ms (ActiveRecord: 0.0ms)


Started GET "/tweets" for 127.0.0.1 at 2015-08-02 19:00:28 -0700
Processing by TweetsController#index as HTML
  [1m[35mUser Load (0.1ms)[0m  SELECT  "users".* FROM "users"  WHERE "users"."id" = ? LIMIT 1  [["id", 22]]
  Rendered tweets/index.html.erb within layouts/application (12.1ms)
Completed 200 OK in 31ms (Views: 30.1ms | ActiveRecord: 0.1ms)


Started GET "/stylesheets/tweet.css" for 127.0.0.1 at 2015-08-02 19:00:28 -0700

ActionController::RoutingError (No route matches [GET] "/stylesheets/tweet.css"):
  actionpack (4.1.1) lib/action_dispatch/middleware/debug_exceptions.rb:21:in `call'
  actionpack (4.1.1) lib/action_dispatch/middleware/show_exceptions.rb:30:in `call'
  railties (4.1.1) lib/rails/rack/logger.rb:38:in `call_app'
  railties (4.1.1) lib/rails/rack/logger.rb:20:in `block in call'
  activesupport (4.1.1) lib/active_support/tagged_logging.rb:68:in `block in tagged'
  activesupport (4.1.1) lib/active_support/tagged_logging.rb:26:in `tagged'
  activesupport (4.1.1) lib/active_support/tagged_logging.rb:68:in `tagged'
  railties (4.1.1) lib/rails/rack/logger.rb:20:in `call'
  actionpack (4.1.1) lib/action_dispatch/middleware/request_id.rb:21:in `call'
  rack (1.5.2) lib/rack/methodoverride.rb:21:in `call'
  rack (1.5.2) lib/rack/runtime.rb:17:in `call'
  activesupport (4.1.1) lib/active_support/cache/strategy/local_cache_middleware.rb:26:in `call'
  rack (1.5.2) lib/rack/lock.rb:17:in `call'
  actionpack (4.1.1) lib/action_dispatch/middleware/static.rb:64:in `call'
  rack (1.5.2) lib/rack/sendfile.rb:112:in `call'
  railties (4.1.1) lib/rails/engine.rb:514:in `call'
  railties (4.1.1) lib/rails/application.rb:144:in `call'
  rack (1.5.2) lib/rack/lock.rb:17:in `call'
  rack (1.5.2) lib/rack/content_length.rb:14:in `call'
  rack (1.5.2) lib/rack/handler/webrick.rb:60:in `service'
  /Users/VeNuS/.rvm/rubies/ruby-2.2.1/lib/ruby/2.2.0/webrick/httpserver.rb:138:in `service'
  /Users/VeNuS/.rvm/rubies/ruby-2.2.1/lib/ruby/2.2.0/webrick/httpserver.rb:94:in `run'
  /Users/VeNuS/.rvm/rubies/ruby-2.2.1/lib/ruby/2.2.0/webrick/server.rb:294:in `block in start_thread'


  Rendered /Users/VeNuS/.rvm/gems/ruby-2.2.1/gems/actionpack-4.1.1/lib/action_dispatch/middleware/templates/rescues/_trace.html.erb (1.4ms)
  Rendered /Users/VeNuS/.rvm/gems/ruby-2.2.1/gems/actionpack-4.1.1/lib/action_dispatch/middleware/templates/routes/_route.html.erb (2.1ms)
  Rendered /Users/VeNuS/.rvm/gems/ruby-2.2.1/gems/actionpack-4.1.1/lib/action_dispatch/middleware/templates/routes/_table.html.erb (0.9ms)
  Rendered /Users/VeNuS/.rvm/gems/ruby-2.2.1/gems/actionpack-4.1.1/lib/action_dispatch/middleware/templates/rescues/routing_error.html.erb within rescues/layout (43.9ms)


Started GET "/javascripts/tweet.js" for 127.0.0.1 at 2015-08-02 19:00:28 -0700

ActionController::RoutingError (No route matches [GET] "/javascripts/tweet.js"):
  actionpack (4.1.1) lib/action_dispatch/middleware/debug_exceptions.rb:21:in `call'
  actionpack (4.1.1) lib/action_dispatch/middleware/show_exceptions.rb:30:in `call'
  railties (4.1.1) lib/rails/rack/logger.rb:38:in `call_app'
  railties (4.1.1) lib/rails/rack/logger.rb:20:in `block in call'
  activesupport (4.1.1) lib/active_support/tagged_logging.rb:68:in `block in tagged'
  activesupport (4.1.1) lib/active_support/tagged_logging.rb:26:in `tagged'
  activesupport (4.1.1) lib/active_support/tagged_logging.rb:68:in `tagged'
  railties (4.1.1) lib/rails/rack/logger.rb:20:in `call'
  actionpack (4.1.1) lib/action_dispatch/middleware/request_id.rb:21:in `call'
  rack (1.5.2) lib/rack/methodoverride.rb:21:in `call'
  rack (1.5.2) lib/rack/runtime.rb:17:in `call'
  activesupport (4.1.1) lib/active_support/cache/strategy/local_cache_middleware.rb:26:in `call'
  rack (1.5.2) lib/rack/lock.rb:17:in `call'
  actionpack (4.1.1) lib/action_dispatch/middleware/static.rb:64:in `call'
  rack (1.5.2) lib/rack/sendfile.rb:112:in `call'
  railties (4.1.1) lib/rails/engine.rb:514:in `call'
  railties (4.1.1) lib/rails/application.rb:144:in `call'
  rack (1.5.2) lib/rack/lock.rb:17:in `call'
  rack (1.5.2) lib/rack/content_length.rb:14:in `call'
  rack (1.5.2) lib/rack/handler/webrick.rb:60:in `service'
  /Users/VeNuS/.rvm/rubies/ruby-2.2.1/lib/ruby/2.2.0/webrick/httpserver.rb:138:in `service'
  /Users/VeNuS/.rvm/rubies/ruby-2.2.1/lib/ruby/2.2.0/webrick/httpserver.rb:94:in `run'
  /Users/VeNuS/.rvm/rubies/ruby-2.2.1/lib/ruby/2.2.0/webrick/server.rb:294:in `block in start_thread'


  Rendered /Users/VeNuS/.rvm/gems/ruby-2.2.1/gems/actionpack-4.1.1/lib/action_dispatch/middleware/templates/rescues/_trace.html.erb (1.9ms)
  Rendered /Users/VeNuS/.rvm/gems/ruby-2.2.1/gems/actionpack-4.1.1/lib/action_dispatch/middleware/templates/routes/_route.html.erb (2.2ms)
  Rendered /Users/VeNuS/.rvm/gems/ruby-2.2.1/gems/actionpack-4.1.1/lib/action_dispatch/middleware/templates/routes/_table.html.erb (0.9ms)
  Rendered /Users/VeNuS/.rvm/gems/ruby-2.2.1/gems/actionpack-4.1.1/lib/action_dispatch/middleware/templates/rescues/routing_error.html.erb within rescues/layout (45.0ms)


Started GET "/assets/restart.png" for 127.0.0.1 at 2015-08-02 19:00:28 -0700


Started GET "/tweets/set_a" for 127.0.0.1 at 2015-08-02 19:00:32 -0700
Processing by TweetsController#set_a as JSON
  [1m[36mTweet Load (0.2ms)[0m  [1mSELECT  "tweets".* FROM "tweets"  WHERE "tweets"."tweet_category_id" IN (15)  ORDER BY "tweets"."id" DESC LIMIT 1[0m
  [1m[35mTweet Load (0.1ms)[0m  SELECT "tweets".* FROM "tweets"  WHERE "tweets"."tweet_category_id" IN (15)
Completed 200 OK in 2ms (Views: 0.4ms | ActiveRecord: 0.3ms)


Started GET "/" for 127.0.0.1 at 2015-08-02 19:03:23 -0700
  [1m[36mActiveRecord::SchemaMigration Load (0.1ms)[0m  [1mSELECT "schema_migrations".* FROM "schema_migrations"[0m
Processing by TweetsController#category as HTML
  [1m[35mTweetCategory Load (0.2ms)[0m  SELECT "tweet_categories".* FROM "tweet_categories"
  Rendered tweets/category.html.erb within layouts/application (8.4ms)
Completed 200 OK in 46ms (Views: 36.4ms | ActiveRecord: 0.4ms)


Started GET "/stylesheets/tweet.css" for 127.0.0.1 at 2015-08-02 19:03:23 -0700

ActionController::RoutingError (No route matches [GET] "/stylesheets/tweet.css"):
  actionpack (4.1.1) lib/action_dispatch/middleware/debug_exceptions.rb:21:in `call'
  actionpack (4.1.1) lib/action_dispatch/middleware/show_exceptions.rb:30:in `call'
  railties (4.1.1) lib/rails/rack/logger.rb:38:in `call_app'
  railties (4.1.1) lib/rails/rack/logger.rb:20:in `block in call'
  activesupport (4.1.1) lib/active_support/tagged_logging.rb:68:in `block in tagged'
  activesupport (4.1.1) lib/active_support/tagged_logging.rb:26:in `tagged'
  activesupport (4.1.1) lib/active_support/tagged_logging.rb:68:in `tagged'
  railties (4.1.1) lib/rails/rack/logger.rb:20:in `call'
  actionpack (4.1.1) lib/action_dispatch/middleware/request_id.rb:21:in `call'
  rack (1.5.2) lib/rack/methodoverride.rb:21:in `call'
  rack (1.5.2) lib/rack/runtime.rb:17:in `call'
  activesupport (4.1.1) lib/active_support/cache/strategy/local_cache_middleware.rb:26:in `call'
  rack (1.5.2) lib/rack/lock.rb:17:in `call'
  actionpack (4.1.1) lib/action_dispatch/middleware/static.rb:64:in `call'
  rack (1.5.2) lib/rack/sendfile.rb:112:in `call'
  railties (4.1.1) lib/rails/engine.rb:514:in `call'
  railties (4.1.1) lib/rails/application.rb:144:in `call'
  rack (1.5.2) lib/rack/lock.rb:17:in `call'
  rack (1.5.2) lib/rack/content_length.rb:14:in `call'
  rack (1.5.2) lib/rack/handler/webrick.rb:60:in `service'
  /Users/VeNuS/.rvm/rubies/ruby-2.2.1/lib/ruby/2.2.0/webrick/httpserver.rb:138:in `service'
  /Users/VeNuS/.rvm/rubies/ruby-2.2.1/lib/ruby/2.2.0/webrick/httpserver.rb:94:in `run'
  /Users/VeNuS/.rvm/rubies/ruby-2.2.1/lib/ruby/2.2.0/webrick/server.rb:294:in `block in start_thread'


  Rendered /Users/VeNuS/.rvm/gems/ruby-2.2.1/gems/actionpack-4.1.1/lib/action_dispatch/middleware/templates/rescues/_trace.html.erb (1.5ms)
  Rendered /Users/VeNuS/.rvm/gems/ruby-2.2.1/gems/actionpack-4.1.1/lib/action_dispatch/middleware/templates/routes/_route.html.erb (3.1ms)
  Rendered /Users/VeNuS/.rvm/gems/ruby-2.2.1/gems/actionpack-4.1.1/lib/action_dispatch/middleware/templates/routes/_table.html.erb (7.5ms)
  Rendered /Users/VeNuS/.rvm/gems/ruby-2.2.1/gems/actionpack-4.1.1/lib/action_dispatch/middleware/templates/rescues/routing_error.html.erb within rescues/layout (67.6ms)


Started GET "/javascripts/tweet.js" for 127.0.0.1 at 2015-08-02 19:03:23 -0700

ActionController::RoutingError (No route matches [GET] "/javascripts/tweet.js"):
  actionpack (4.1.1) lib/action_dispatch/middleware/debug_exceptions.rb:21:in `call'
  actionpack (4.1.1) lib/action_dispatch/middleware/show_exceptions.rb:30:in `call'
  railties (4.1.1) lib/rails/rack/logger.rb:38:in `call_app'
  railties (4.1.1) lib/rails/rack/logger.rb:20:in `block in call'
  activesupport (4.1.1) lib/active_support/tagged_logging.rb:68:in `block in tagged'
  activesupport (4.1.1) lib/active_support/tagged_logging.rb:26:in `tagged'
  activesupport (4.1.1) lib/active_support/tagged_logging.rb:68:in `tagged'
  railties (4.1.1) lib/rails/rack/logger.rb:20:in `call'
  actionpack (4.1.1) lib/action_dispatch/middleware/request_id.rb:21:in `call'
  rack (1.5.2) lib/rack/methodoverride.rb:21:in `call'
  rack (1.5.2) lib/rack/runtime.rb:17:in `call'
  activesupport (4.1.1) lib/active_support/cache/strategy/local_cache_middleware.rb:26:in `call'
  rack (1.5.2) lib/rack/lock.rb:17:in `call'
  actionpack (4.1.1) lib/action_dispatch/middleware/static.rb:64:in `call'
  rack (1.5.2) lib/rack/sendfile.rb:112:in `call'
  railties (4.1.1) lib/rails/engine.rb:514:in `call'
  railties (4.1.1) lib/rails/application.rb:144:in `call'
  rack (1.5.2) lib/rack/lock.rb:17:in `call'
  rack (1.5.2) lib/rack/content_length.rb:14:in `call'
  rack (1.5.2) lib/rack/handler/webrick.rb:60:in `service'
  /Users/VeNuS/.rvm/rubies/ruby-2.2.1/lib/ruby/2.2.0/webrick/httpserver.rb:138:in `service'
  /Users/VeNuS/.rvm/rubies/ruby-2.2.1/lib/ruby/2.2.0/webrick/httpserver.rb:94:in `run'
  /Users/VeNuS/.rvm/rubies/ruby-2.2.1/lib/ruby/2.2.0/webrick/server.rb:294:in `block in start_thread'


  Rendered /Users/VeNuS/.rvm/gems/ruby-2.2.1/gems/actionpack-4.1.1/lib/action_dispatch/middleware/templates/rescues/_trace.html.erb (0.7ms)
  Rendered /Users/VeNuS/.rvm/gems/ruby-2.2.1/gems/actionpack-4.1.1/lib/action_dispatch/middleware/templates/routes/_route.html.erb (1.8ms)
  Rendered /Users/VeNuS/.rvm/gems/ruby-2.2.1/gems/actionpack-4.1.1/lib/action_dispatch/middleware/templates/routes/_table.html.erb (0.8ms)
  Rendered /Users/VeNuS/.rvm/gems/ruby-2.2.1/gems/actionpack-4.1.1/lib/action_dispatch/middleware/templates/rescues/routing_error.html.erb within rescues/layout (42.6ms)


Started GET "/assets/Login.jpg" for 127.0.0.1 at 2015-08-02 19:03:23 -0700


Started GET "/assets/help.jpg" for 127.0.0.1 at 2015-08-02 19:03:23 -0700
